0 verbose cli /usr/local/bin/node /usr/local/lib/node_modules/npm/bin/npm-cli.js
1 info using npm@11.6.2
2 info using node@v24.11.1
3 silly config load:file:/usr/local/lib/node_modules/npm/npmrc
4 silly config load:file:/Users/flayer/dpmp/.npmrc
5 silly config load:file:/Users/flayer/.npmrc
6 silly config load:file:/usr/local/etc/npmrc
7 verbose title npm exec create-next-app@latest web --typescript --tailwind --eslint --app --src-dir --import-alias @/* --use-npm --no-git
8 verbose argv "exec" "--" "create-next-app@latest" "web" "--typescript" "--tailwind" "--eslint" "--app" "--src-dir" "--import-alias" "@/*" "--use-npm" "--no-git"
9 verbose logfile logs-max:10 dir:/Users/flayer/dpmp/.npm-cache/_logs/2025-12-23T21_53_33_062Z-
10 verbose logfile /Users/flayer/dpmp/.npm-cache/_logs/2025-12-23T21_53_33_062Z-debug-0.log
11 silly logfile done cleaning log files
12 silly packumentCache heap:4496293888 maxSize:1124073472 maxEntrySize:562036736
13 http fetch GET 200 https://registry.npmjs.org/npm 152ms
14 http fetch GET 200 https://registry.npmjs.org/create-next-app 184ms (cache miss)
15 silly packumentCache heap:4496293888 maxSize:1124073472 maxEntrySize:562036736
16 silly packumentCache heap:4496293888 maxSize:1124073472 maxEntrySize:562036736
17 silly idealTree buildDeps
18 silly fetch manifest create-next-app@16.1.1
19 silly packumentCache full:https://registry.npmjs.org/create-next-app cache-miss
20 http fetch GET 200 https://registry.npmjs.org/create-next-app 138ms (cache miss)
21 silly packumentCache full:https://registry.npmjs.org/create-next-app set size:undefined disposed:false
22 silly placeDep ROOT create-next-app@16.1.1 OK for:  want: 16.1.1
23 silly reify moves {}
24 silly audit bulk request { 'create-next-app': [ '16.1.1' ] }
25 http cache create-next-app@https://registry.npmjs.org/create-next-app/-/create-next-app-16.1.1.tgz 0ms (cache hit)
26 silly tarball no local data for create-next-app@https://registry.npmjs.org/create-next-app/-/create-next-app-16.1.1.tgz. Extracting by manifest.
27 http fetch GET 200 https://registry.npmjs.org/create-next-app/-/create-next-app-16.1.1.tgz 76ms (cache miss)
28 http fetch POST 200 https://registry.npmjs.org/-/npm/v1/security/advisories/bulk 218ms
29 silly audit report {}
30 verbose cwd /Users/flayer/dpmp
31 verbose os Darwin 25.2.0
32 verbose node v24.11.1
33 verbose npm  v11.6.2
34 notice
34 notice New [33mminor[39m version of npm available! [33m11.6.2[39m -> [34m11.7.0[39m
34 notice Changelog: [34mhttps://github.com/npm/cli/releases/tag/v11.7.0[39m
34 notice To update run: [4mnpm install -g npm@11.7.0[24m
34 notice  { force: true, Symbol(proc-log.meta): true }
35 verbose exit 0
36 info ok
